<?xml version="1.0" encoding="UTF-8"?>
<testng-results skipped="0" failed="0" ignored="0" total="1" passed="1">
  <reporter-output>
  </reporter-output>
  <suite name="Default suite" duration-ms="4725" started-at="2018-09-19T12:19:34Z" finished-at="2018-09-19T12:19:39Z">
    <groups>
    </groups>
    <test name="Default test" duration-ms="4725" started-at="2018-09-19T12:19:34Z" finished-at="2018-09-19T12:19:39Z">
      <class name="com.pratise.gmailAPI.tests.TestMailUtil">
        <test-method status="PASS" signature="testReportUtil()[pri:0, instance:com.pratise.gmailAPI.tests.TestMailUtil@39aeed2f]" name="testReportUtil" duration-ms="4675" started-at="2018-09-19T12:19:34Z" finished-at="2018-09-19T12:19:39Z">
          <reporter-output>
          </reporter-output>
        </test-method> <!-- testReportUtil -->
      </class> <!-- com.pratise.gmailAPI.tests.TestMailUtil -->
    </test> <!-- Default test -->
  </suite> <!-- Default suite -->
</testng-results>
